\BOOKMARK [0][-]{chapter.1}{\376\377\000n\000i\000h\000p\000o\000\137\000a\000p\000i\000F\000u\000l\000l}{}% 1
\BOOKMARK [1][-]{section.1.1}{\376\377\000A\000P\000I\000\137\000N\000I\000H\000P\000O\000\040\000m\000o\000d\000u\000l\000e}{chapter.1}% 2
\BOOKMARK [1][-]{section.1.2}{\376\377\000c\000o\000n\000f\000i\000g\000\040\000p\000a\000c\000k\000a\000g\000e}{chapter.1}% 3
\BOOKMARK [2][-]{subsection.1.2.1}{\376\377\000S\000u\000b\000m\000o\000d\000u\000l\000e\000s}{section.1.2}% 4
\BOOKMARK [2][-]{subsection.1.2.2}{\376\377\000c\000o\000n\000f\000i\000g\000.\000d\000e\000f\000a\000u\000l\000t\000\040\000m\000o\000d\000u\000l\000e}{section.1.2}% 5
\BOOKMARK [2][-]{subsection.1.2.3}{\376\377\000c\000o\000n\000f\000i\000g\000.\000d\000e\000v\000e\000l\000o\000p\000\040\000m\000o\000d\000u\000l\000e}{section.1.2}% 6
\BOOKMARK [2][-]{subsection.1.2.4}{\376\377\000c\000o\000n\000f\000i\000g\000.\000l\000o\000c\000a\000l\000\040\000m\000o\000d\000u\000l\000e}{section.1.2}% 7
\BOOKMARK [2][-]{subsection.1.2.5}{\376\377\000c\000o\000n\000f\000i\000g\000.\000p\000r\000o\000d\000\040\000m\000o\000d\000u\000l\000e}{section.1.2}% 8
\BOOKMARK [2][-]{subsection.1.2.6}{\376\377\000c\000o\000n\000f\000i\000g\000.\000t\000e\000s\000t\000i\000n\000g\000\040\000m\000o\000d\000u\000l\000e}{section.1.2}% 9
\BOOKMARK [2][-]{subsection.1.2.7}{\376\377\000M\000o\000d\000u\000l\000e\000\040\000c\000o\000n\000t\000e\000n\000t\000s}{section.1.2}% 10
\BOOKMARK [1][-]{section.1.3}{\376\377\000p\000o\000r\000t\000a\000l\000\137\000a\000p\000p\000\040\000p\000a\000c\000k\000a\000g\000e}{chapter.1}% 11
\BOOKMARK [2][-]{subsection.1.3.1}{\376\377\000S\000u\000b\000p\000a\000c\000k\000a\000g\000e\000s}{section.1.3}% 12
\BOOKMARK [3][-]{subsubsection*.5}{\376\377\000p\000o\000r\000t\000a\000l\000\137\000a\000p\000p\000.\000a\000u\000t\000h\000\040\000p\000a\000c\000k\000a\000g\000e}{subsection.1.3.1}% 13
\BOOKMARK [4][-]{paragraph*.6}{\376\377\000S\000u\000b\000m\000o\000d\000u\000l\000e\000s}{subsubsection*.5}% 14
\BOOKMARK [4][-]{paragraph*.7}{\376\377\000p\000o\000r\000t\000a\000l\000\137\000a\000p\000p\000.\000a\000u\000t\000h\000.\000e\000m\000a\000i\000l\000\040\000m\000o\000d\000u\000l\000e}{subsubsection*.5}% 15
\BOOKMARK [4][-]{paragraph*.12}{\376\377\000p\000o\000r\000t\000a\000l\000\137\000a\000p\000p\000.\000a\000u\000t\000h\000.\000f\000o\000r\000m\000s\000\040\000m\000o\000d\000u\000l\000e}{subsubsection*.5}% 16
\BOOKMARK [4][-]{paragraph*.27}{\376\377\000p\000o\000r\000t\000a\000l\000\137\000a\000p\000p\000.\000a\000u\000t\000h\000.\000r\000o\000u\000t\000e\000s\000\040\000m\000o\000d\000u\000l\000e}{subsubsection*.5}% 17
\BOOKMARK [4][-]{paragraph*.37}{\376\377\000M\000o\000d\000u\000l\000e\000\040\000c\000o\000n\000t\000e\000n\000t\000s}{subsubsection*.5}% 18
\BOOKMARK [3][-]{subsubsection*.38}{\376\377\000p\000o\000r\000t\000a\000l\000\137\000a\000p\000p\000.\000e\000r\000r\000o\000r\000s\000\040\000p\000a\000c\000k\000a\000g\000e}{subsection.1.3.1}% 19
\BOOKMARK [4][-]{paragraph*.39}{\376\377\000S\000u\000b\000m\000o\000d\000u\000l\000e\000s}{subsubsection*.38}% 20
\BOOKMARK [4][-]{paragraph*.40}{\376\377\000p\000o\000r\000t\000a\000l\000\137\000a\000p\000p\000.\000e\000r\000r\000o\000r\000s\000.\000h\000a\000n\000d\000l\000e\000r\000s\000\040\000m\000o\000d\000u\000l\000e}{subsubsection*.38}% 21
\BOOKMARK [4][-]{paragraph*.43}{\376\377\000M\000o\000d\000u\000l\000e\000\040\000c\000o\000n\000t\000e\000n\000t\000s}{subsubsection*.38}% 22
\BOOKMARK [3][-]{subsubsection*.44}{\376\377\000p\000o\000r\000t\000a\000l\000\137\000a\000p\000p\000.\000m\000a\000i\000n\000\040\000p\000a\000c\000k\000a\000g\000e}{subsection.1.3.1}% 23
\BOOKMARK [4][-]{paragraph*.45}{\376\377\000S\000u\000b\000m\000o\000d\000u\000l\000e\000s}{subsubsection*.44}% 24
\BOOKMARK [4][-]{paragraph*.46}{\376\377\000p\000o\000r\000t\000a\000l\000\137\000a\000p\000p\000.\000m\000a\000i\000n\000.\000f\000o\000r\000m\000s\000\040\000m\000o\000d\000u\000l\000e}{subsubsection*.44}% 25
\BOOKMARK [4][-]{paragraph*.55}{\376\377\000p\000o\000r\000t\000a\000l\000\137\000a\000p\000p\000.\000m\000a\000i\000n\000.\000r\000o\000u\000t\000e\000s\000\040\000m\000o\000d\000u\000l\000e}{subsubsection*.44}% 26
\BOOKMARK [4][-]{paragraph*.72}{\376\377\000M\000o\000d\000u\000l\000e\000\040\000c\000o\000n\000t\000e\000n\000t\000s}{subsubsection*.44}% 27
\BOOKMARK [3][-]{subsubsection*.73}{\376\377\000p\000o\000r\000t\000a\000l\000\137\000a\000p\000p\000.\000p\000o\000d\000r\000\040\000p\000a\000c\000k\000a\000g\000e}{subsection.1.3.1}% 28
\BOOKMARK [4][-]{paragraph*.74}{\376\377\000S\000u\000b\000m\000o\000d\000u\000l\000e\000s}{subsubsection*.73}% 29
\BOOKMARK [4][-]{paragraph*.75}{\376\377\000p\000o\000r\000t\000a\000l\000\137\000a\000p\000p\000.\000p\000o\000d\000r\000.\000e\000m\000a\000i\000l\000\040\000m\000o\000d\000u\000l\000e}{subsubsection*.73}% 30
\BOOKMARK [4][-]{paragraph*.77}{\376\377\000p\000o\000r\000t\000a\000l\000\137\000a\000p\000p\000.\000p\000o\000d\000r\000.\000r\000o\000u\000t\000e\000s\000\040\000m\000o\000d\000u\000l\000e}{subsubsection*.73}% 31
\BOOKMARK [4][-]{paragraph*.78}{\376\377\000M\000o\000d\000u\000l\000e\000\040\000c\000o\000n\000t\000e\000n\000t\000s}{subsubsection*.73}% 32
\BOOKMARK [3][-]{subsubsection*.79}{\376\377\000p\000o\000r\000t\000a\000l\000\137\000a\000p\000p\000.\000s\000y\000n\000t\000h\000\137\000p\000e\000r\000s\000o\000n\000\040\000p\000a\000c\000k\000a\000g\000e}{subsection.1.3.1}% 33
\BOOKMARK [4][-]{paragraph*.80}{\376\377\000S\000u\000b\000m\000o\000d\000u\000l\000e\000s}{subsubsection*.79}% 34
\BOOKMARK [4][-]{paragraph*.81}{\376\377\000p\000o\000r\000t\000a\000l\000\137\000a\000p\000p\000.\000s\000y\000n\000t\000h\000\137\000p\000e\000r\000s\000o\000n\000.\000e\000m\000a\000i\000l\000\040\000m\000o\000d\000u\000l\000e}{subsubsection*.79}% 35
\BOOKMARK [4][-]{paragraph*.83}{\376\377\000p\000o\000r\000t\000a\000l\000\137\000a\000p\000p\000.\000s\000y\000n\000t\000h\000\137\000p\000e\000r\000s\000o\000n\000.\000f\000o\000r\000m\000s\000\040\000m\000o\000d\000u\000l\000e}{subsubsection*.79}% 36
\BOOKMARK [4][-]{paragraph*.90}{\376\377\000p\000o\000r\000t\000a\000l\000\137\000a\000p\000p\000.\000s\000y\000n\000t\000h\000\137\000p\000e\000r\000s\000o\000n\000.\000f\000u\000n\000c\000t\000i\000o\000n\000s\000\040\000m\000o\000d\000u\000l\000e}{subsubsection*.79}% 37
\BOOKMARK [4][-]{paragraph*.92}{\376\377\000p\000o\000r\000t\000a\000l\000\137\000a\000p\000p\000.\000s\000y\000n\000t\000h\000\137\000p\000e\000r\000s\000o\000n\000.\000r\000o\000u\000t\000e\000s\000\040\000m\000o\000d\000u\000l\000e}{subsubsection*.79}% 38
\BOOKMARK [4][-]{paragraph*.96}{\376\377\000M\000o\000d\000u\000l\000e\000\040\000c\000o\000n\000t\000e\000n\000t\000s}{subsubsection*.79}% 39
\BOOKMARK [3][-]{subsubsection*.97}{\376\377\000p\000o\000r\000t\000a\000l\000\137\000a\000p\000p\000.\000s\000y\000n\000t\000h\000\137\000p\000h\000r\000\040\000p\000a\000c\000k\000a\000g\000e}{subsection.1.3.1}% 40
\BOOKMARK [4][-]{paragraph*.98}{\376\377\000S\000u\000b\000m\000o\000d\000u\000l\000e\000s}{subsubsection*.97}% 41
\BOOKMARK [4][-]{paragraph*.99}{\376\377\000p\000o\000r\000t\000a\000l\000\137\000a\000p\000p\000.\000s\000y\000n\000t\000h\000\137\000p\000h\000r\000.\000e\000m\000a\000i\000l\000\040\000m\000o\000d\000u\000l\000e}{subsubsection*.97}% 42
\BOOKMARK [4][-]{paragraph*.101}{\376\377\000p\000o\000r\000t\000a\000l\000\137\000a\000p\000p\000.\000s\000y\000n\000t\000h\000\137\000p\000h\000r\000.\000f\000o\000r\000m\000s\000\040\000m\000o\000d\000u\000l\000e}{subsubsection*.97}% 43
\BOOKMARK [4][-]{paragraph*.108}{\376\377\000p\000o\000r\000t\000a\000l\000\137\000a\000p\000p\000.\000s\000y\000n\000t\000h\000\137\000p\000h\000r\000.\000f\000u\000n\000c\000t\000i\000o\000n\000s\000\040\000m\000o\000d\000u\000l\000e}{subsubsection*.97}% 44
\BOOKMARK [4][-]{paragraph*.124}{\376\377\000p\000o\000r\000t\000a\000l\000\137\000a\000p\000p\000.\000s\000y\000n\000t\000h\000\137\000p\000h\000r\000.\000j\000s\000o\000n\000\137\000s\000u\000b\000j\000e\000c\000t\000\137\000c\000r\000e\000a\000t\000i\000o\000n\000\040\000m\000o\000d\000u\000l\000e}{subsubsection*.97}% 45
\BOOKMARK [4][-]{paragraph*.125}{\376\377\000p\000o\000r\000t\000a\000l\000\137\000a\000p\000p\000.\000s\000y\000n\000t\000h\000\137\000p\000h\000r\000.\000r\000o\000u\000t\000e\000s\000\040\000m\000o\000d\000u\000l\000e}{subsubsection*.97}% 46
\BOOKMARK [4][-]{paragraph*.142}{\376\377\000p\000o\000r\000t\000a\000l\000\137\000a\000p\000p\000.\000s\000y\000n\000t\000h\000\137\000p\000h\000r\000.\000s\000q\000l\000i\000t\000e\000\137\000s\000u\000b\000j\000e\000c\000t\000\137\000c\000r\000e\000a\000t\000i\000o\000n\000\040\000m\000o\000d\000u\000l\000e}{subsubsection*.97}% 47
\BOOKMARK [4][-]{paragraph*.143}{\376\377\000p\000o\000r\000t\000a\000l\000\137\000a\000p\000p\000.\000s\000y\000n\000t\000h\000\137\000p\000h\000r\000.\000s\000u\000b\000j\000e\000c\000t\000s\000\137\000c\000r\000e\000a\000t\000i\000o\000n\000\040\000m\000o\000d\000u\000l\000e}{subsubsection*.97}% 48
\BOOKMARK [4][-]{paragraph*.146}{\376\377\000p\000o\000r\000t\000a\000l\000\137\000a\000p\000p\000.\000s\000y\000n\000t\000h\000\137\000p\000h\000r\000.\000s\000y\000n\000t\000h\000\137\000p\000h\000r\000\137\000f\000u\000n\000c\000\040\000m\000o\000d\000u\000l\000e}{subsubsection*.97}% 49
\BOOKMARK [4][-]{paragraph*.150}{\376\377\000M\000o\000d\000u\000l\000e\000\040\000c\000o\000n\000t\000e\000n\000t\000s}{subsubsection*.97}% 50
\BOOKMARK [3][-]{subsubsection*.151}{\376\377\000p\000o\000r\000t\000a\000l\000\137\000a\000p\000p\000.\000s\000y\000n\000t\000h\000\137\000s\000u\000b\000\040\000p\000a\000c\000k\000a\000g\000e}{subsection.1.3.1}% 51
\BOOKMARK [4][-]{paragraph*.152}{\376\377\000S\000u\000b\000m\000o\000d\000u\000l\000e\000s}{subsubsection*.151}% 52
\BOOKMARK [4][-]{paragraph*.153}{\376\377\000p\000o\000r\000t\000a\000l\000\137\000a\000p\000p\000.\000s\000y\000n\000t\000h\000\137\000s\000u\000b\000.\000f\000o\000r\000m\000s\000\040\000m\000o\000d\000u\000l\000e}{subsubsection*.151}% 53
\BOOKMARK [4][-]{paragraph*.156}{\376\377\000p\000o\000r\000t\000a\000l\000\137\000a\000p\000p\000.\000s\000y\000n\000t\000h\000\137\000s\000u\000b\000.\000r\000o\000u\000t\000e\000s\000\040\000m\000o\000d\000u\000l\000e}{subsubsection*.151}% 54
\BOOKMARK [4][-]{paragraph*.157}{\376\377\000M\000o\000d\000u\000l\000e\000\040\000c\000o\000n\000t\000e\000n\000t\000s}{subsubsection*.151}% 55
\BOOKMARK [3][-]{subsubsection*.158}{\376\377\000p\000o\000r\000t\000a\000l\000\137\000a\000p\000p\000.\000s\000y\000n\000t\000h\000\137\000t\000r\000i\000a\000l\000\040\000p\000a\000c\000k\000a\000g\000e}{subsection.1.3.1}% 56
\BOOKMARK [4][-]{paragraph*.159}{\376\377\000S\000u\000b\000m\000o\000d\000u\000l\000e\000s}{subsubsection*.158}% 57
\BOOKMARK [4][-]{paragraph*.160}{\376\377\000p\000o\000r\000t\000a\000l\000\137\000a\000p\000p\000.\000s\000y\000n\000t\000h\000\137\000t\000r\000i\000a\000l\000.\000c\000o\000n\000s\000t\000a\000n\000t\000s\000\040\000m\000o\000d\000u\000l\000e}{subsubsection*.158}% 58
\BOOKMARK [4][-]{paragraph*.169}{\376\377\000p\000o\000r\000t\000a\000l\000\137\000a\000p\000p\000.\000s\000y\000n\000t\000h\000\137\000t\000r\000i\000a\000l\000.\000e\000m\000a\000i\000l\000\040\000m\000o\000d\000u\000l\000e}{subsubsection*.158}% 59
\BOOKMARK [4][-]{paragraph*.171}{\376\377\000p\000o\000r\000t\000a\000l\000\137\000a\000p\000p\000.\000s\000y\000n\000t\000h\000\137\000t\000r\000i\000a\000l\000.\000f\000o\000r\000m\000s\000\040\000m\000o\000d\000u\000l\000e}{subsubsection*.158}% 60
\BOOKMARK [4][-]{paragraph*.192}{\376\377\000p\000o\000r\000t\000a\000l\000\137\000a\000p\000p\000.\000s\000y\000n\000t\000h\000\137\000t\000r\000i\000a\000l\000.\000f\000u\000n\000c\000t\000i\000o\000n\000s\000\040\000m\000o\000d\000u\000l\000e}{subsubsection*.158}% 61
\BOOKMARK [4][-]{paragraph*.197}{\376\377\000p\000o\000r\000t\000a\000l\000\137\000a\000p\000p\000.\000s\000y\000n\000t\000h\000\137\000t\000r\000i\000a\000l\000.\000r\000o\000u\000t\000e\000s\000\040\000m\000o\000d\000u\000l\000e}{subsubsection*.158}% 62
\BOOKMARK [4][-]{paragraph*.208}{\376\377\000p\000o\000r\000t\000a\000l\000\137\000a\000p\000p\000.\000s\000y\000n\000t\000h\000\137\000t\000r\000i\000a\000l\000.\000t\000r\000i\000a\000l\000\137\000d\000e\000s\000i\000g\000n\000\137\000c\000r\000e\000a\000t\000i\000o\000n\000\040\000m\000o\000d\000u\000l\000e}{subsubsection*.158}% 63
\BOOKMARK [4][-]{paragraph*.209}{\376\377\000M\000o\000d\000u\000l\000e\000\040\000c\000o\000n\000t\000e\000n\000t\000s}{subsubsection*.158}% 64
\BOOKMARK [3][-]{subsubsection*.210}{\376\377\000p\000o\000r\000t\000a\000l\000\137\000a\000p\000p\000.\000t\000e\000s\000t\000s\000\040\000p\000a\000c\000k\000a\000g\000e}{subsection.1.3.1}% 65
\BOOKMARK [4][-]{paragraph*.211}{\376\377\000S\000u\000b\000m\000o\000d\000u\000l\000e\000s}{subsubsection*.210}% 66
\BOOKMARK [4][-]{paragraph*.212}{\376\377\000p\000o\000r\000t\000a\000l\000\137\000a\000p\000p\000.\000t\000e\000s\000t\000s\000.\000t\000e\000s\000t\000\137\000m\000a\000i\000n\000\040\000m\000o\000d\000u\000l\000e}{subsubsection*.210}% 67
\BOOKMARK [4][-]{paragraph*.218}{\376\377\000p\000o\000r\000t\000a\000l\000\137\000a\000p\000p\000.\000t\000e\000s\000t\000s\000.\000t\000e\000s\000t\000\137\000n\000i\000h\000p\000o\000\137\000f\000u\000n\000c\000t\000i\000o\000n\000s\000\040\000m\000o\000d\000u\000l\000e}{subsubsection*.210}% 68
\BOOKMARK [4][-]{paragraph*.228}{\376\377\000p\000o\000r\000t\000a\000l\000\137\000a\000p\000p\000.\000t\000e\000s\000t\000s\000.\000t\000e\000s\000t\000\137\000p\000h\000r\000\040\000m\000o\000d\000u\000l\000e}{subsubsection*.210}% 69
\BOOKMARK [4][-]{paragraph*.244}{\376\377\000p\000o\000r\000t\000a\000l\000\137\000a\000p\000p\000.\000t\000e\000s\000t\000s\000.\000t\000e\000s\000t\000\137\000t\000r\000i\000a\000l\000\040\000m\000o\000d\000u\000l\000e}{subsubsection*.210}% 70
\BOOKMARK [4][-]{paragraph*.250}{\376\377\000p\000o\000r\000t\000a\000l\000\137\000a\000p\000p\000.\000t\000e\000s\000t\000s\000.\000t\000e\000s\000t\000\137\000u\000s\000e\000r\000\040\000m\000o\000d\000u\000l\000e}{subsubsection*.210}% 71
\BOOKMARK [4][-]{paragraph*.258}{\376\377\000M\000o\000d\000u\000l\000e\000\040\000c\000o\000n\000t\000e\000n\000t\000s}{subsubsection*.210}% 72
\BOOKMARK [2][-]{subsection.1.3.2}{\376\377\000S\000u\000b\000m\000o\000d\000u\000l\000e\000s}{section.1.3}% 73
\BOOKMARK [2][-]{subsection.1.3.3}{\376\377\000p\000o\000r\000t\000a\000l\000\137\000a\000p\000p\000.\000c\000e\000l\000e\000r\000y\000\137\000u\000t\000i\000l\000s\000\040\000m\000o\000d\000u\000l\000e}{section.1.3}% 74
\BOOKMARK [2][-]{subsection.1.3.4}{\376\377\000p\000o\000r\000t\000a\000l\000\137\000a\000p\000p\000.\000c\000l\000i\000\040\000m\000o\000d\000u\000l\000e}{section.1.3}% 75
\BOOKMARK [2][-]{subsection.1.3.5}{\376\377\000p\000o\000r\000t\000a\000l\000\137\000a\000p\000p\000.\000e\000m\000a\000i\000l\000\040\000m\000o\000d\000u\000l\000e}{section.1.3}% 76
\BOOKMARK [2][-]{subsection.1.3.6}{\376\377\000p\000o\000r\000t\000a\000l\000\137\000a\000p\000p\000.\000m\000o\000d\000e\000l\000s\000\040\000m\000o\000d\000u\000l\000e}{section.1.3}% 77
\BOOKMARK [2][-]{subsection.1.3.7}{\376\377\000p\000o\000r\000t\000a\000l\000\137\000a\000p\000p\000.\000n\000i\000h\000p\000o\000\137\000f\000u\000n\000c\000t\000i\000o\000n\000s\000\040\000m\000o\000d\000u\000l\000e}{section.1.3}% 78
\BOOKMARK [2][-]{subsection.1.3.8}{\376\377\000p\000o\000r\000t\000a\000l\000\137\000a\000p\000p\000.\000t\000r\000a\000n\000s\000l\000a\000t\000e\000\040\000m\000o\000d\000u\000l\000e}{section.1.3}% 79
\BOOKMARK [2][-]{subsection.1.3.9}{\376\377\000M\000o\000d\000u\000l\000e\000\040\000c\000o\000n\000t\000e\000n\000t\000s}{section.1.3}% 80
\BOOKMARK [0][-]{chapter.2}{\376\377\000I\000n\000d\000i\000c\000e\000s\000\040\000a\000n\000d\000\040\000t\000a\000b\000l\000e\000s}{}% 81
\BOOKMARK [0][-]{section*.426}{\376\377\000P\000y\000t\000h\000o\000n\000\040\000M\000o\000d\000u\000l\000e\000\040\000I\000n\000d\000e\000x}{}% 82
\BOOKMARK [0][-]{section*.427}{\376\377\000I\000n\000d\000e\000x}{}% 83
